<?xml version="1.0" encoding="UTF-8"?>
<!-- Generated by org.testng.reporters.JUnitXMLReporter -->
<testsuite ignored="0" hostname="DESKTOP-7P282N0" failures="0" tests="4" name="Surefire test" time="10.273" errors="0" timestamp="2024-04-30T10:46:42 IST">
  <testcase classname="api.test.userTest" name="createUser" time="4.496"/>
  <testcase classname="api.test.userTest" name="getUser" time="1.881"/>
  <testcase classname="api.test.userTest" name="updateUser" time="1.368"/>
  <testcase classname="api.test.userTest" name="deleteUser" time="2.138"/>
</testsuite> <!-- Surefire test -->
