<?xml version="1.0" encoding="UTF-8"?>
<!-- Generated by org.testng.reporters.JUnitXMLReporter -->
<testsuite ignored="0" hostname="DESKTOP-7P282N0" failures="0" tests="4" name="Default test" time="11.581" errors="0" timestamp="2024-04-29T17:16:21 IST">
  <testcase classname="api.test.userTest2" name="createUser" time="5.439"/>
  <testcase classname="api.test.userTest2" name="getUser" time="1.521"/>
  <testcase classname="api.test.userTest2" name="updateUser" time="2.284"/>
  <testcase classname="api.test.userTest2" name="deleteUser" time="1.912"/>
</testsuite> <!-- Default test -->
