<?xml version="1.0" encoding="UTF-8"?>
<testsuite xmlns:xsi="http://www.w3.org/2001/XMLSchema-instance" xsi:noNamespaceSchemaLocation="https://maven.apache.org/surefire/maven-surefire-plugin/xsd/surefire-test-report-3.0.xsd" version="3.0" name="api.test.userTest" time="11.484" tests="4" errors="0" skipped="0" failures="0">
  <properties>
[...]
</properties>
  <testcase name="createUser" classname="api.test.userTest" time="4.505">
    <system-out><![CDATA[HTTP/1.1 200 OK
Date: Tue, 30 Apr 2024 05:16:36 GMT
Content-Type: application/json
Transfer-Encoding: chunked
Connection: keep-alive
Access-Control-Allow-Origin: *
Access-Control-Allow-Methods: GET, POST, DELETE, PUT
Access-Control-Allow-Headers: Content-Type, api_key, Authorization
Server: Jetty(9.2.9.v20150224)

{
    "code": 200,
    "type": "unknown",
    "message": "9223372036854742889"
}
Create user
usernamegregg.kub
]]></system-out>
  </testcase>
  <testcase name="getUser" classname="api.test.userTest" time="1.879">
    <system-out><![CDATA[HTTP/1.1 200 OK
Date: Tue, 30 Apr 2024 05:16:38 GMT
Content-Type: application/json
Transfer-Encoding: chunked
Connection: keep-alive
Access-Control-Allow-Origin: *
Access-Control-Allow-Methods: GET, POST, DELETE, PUT
Access-Control-Allow-Headers: Content-Type, api_key, Authorization
Server: Jetty(9.2.9.v20150224)

{
    "id": 9223372036854742889,
    "username": "gregg.kub",
    "email": "beatrice.fritsch@yahoo.com",
    "password": "lmdia6uq53",
    "phone": "(231) 602-2706",
    "userStatus": 0
}
get user
usernamegregg.kub
]]></system-out>
  </testcase>
  <testcase name="updateUser" classname="api.test.userTest" time="1.377">
    <system-out><![CDATA[HTTP/1.1 200 OK
Date: Tue, 30 Apr 2024 05:16:39 GMT
Content-Type: application/json
Transfer-Encoding: chunked
Connection: keep-alive
Access-Control-Allow-Origin: *
Access-Control-Allow-Methods: GET, POST, DELETE, PUT
Access-Control-Allow-Headers: Content-Type, api_key, Authorization
Server: Jetty(9.2.9.v20150224)

{
    "code": 200,
    "type": "unknown",
    "message": "9223372036854742890"
}
update user
updated emailgarima22@gmail.com
]]></system-out>
  </testcase>
  <testcase name="deleteUser" classname="api.test.userTest" time="2.122">
    <system-out><![CDATA[HTTP/1.1 200 OK
Date: Tue, 30 Apr 2024 05:16:42 GMT
Content-Type: application/json
Transfer-Encoding: chunked
Connection: keep-alive
Access-Control-Allow-Origin: *
Access-Control-Allow-Methods: GET, POST, DELETE, PUT
Access-Control-Allow-Headers: Content-Type, api_key, Authorization
Server: Jetty(9.2.9.v20150224)

{
    "code": 200,
    "type": "unknown",
    "message": "gregg.kub"
}
Delete user
usernamegregg.kub
]]></system-out>
  </testcase>
</testsuite>