<?xml version="1.0" encoding="UTF-8"?>
<testng-results ignored="0" total="8" passed="8" failed="0" skipped="0">
  <reporter-output>
  </reporter-output>
  <suite started-at="2024-04-30T11:47:38 IST" name="APITest" finished-at="2024-04-30T11:47:51 IST" duration-ms="13479">
    <groups>
    </groups>
    <test started-at="2024-04-30T11:47:38 IST" name="ApiAutomation" finished-at="2024-04-30T11:47:51 IST" duration-ms="13479">
      <class name="api.test.userTest2">
        <test-method is-config="true" signature="setupData()[pri:0, instance:api.test.userTest2@3c7c886c]" started-at="2024-04-30T11:47:46 IST" name="setupData" finished-at="2024-04-30T11:47:46 IST" duration-ms="51" status="PASS">
          <reporter-output>
          </reporter-output>
        </test-method> <!-- setupData -->
        <test-method signature="createUser()[pri:1, instance:api.test.userTest2@3c7c886c]" started-at="2024-04-30T11:47:46 IST" name="createUser" finished-at="2024-04-30T11:47:48 IST" duration-ms="1239" status="PASS">
          <reporter-output>
          </reporter-output>
        </test-method> <!-- createUser -->
        <test-method signature="getUser()[pri:2, instance:api.test.userTest2@3c7c886c]" started-at="2024-04-30T11:47:48 IST" name="getUser" finished-at="2024-04-30T11:47:49 IST" duration-ms="1216" status="PASS">
          <reporter-output>
          </reporter-output>
        </test-method> <!-- getUser -->
        <test-method signature="updateUser()[pri:3, instance:api.test.userTest2@3c7c886c]" started-at="2024-04-30T11:47:49 IST" name="updateUser" finished-at="2024-04-30T11:47:50 IST" duration-ms="1250" status="PASS">
          <reporter-output>
          </reporter-output>
        </test-method> <!-- updateUser -->
        <test-method signature="deleteUser()[pri:4, instance:api.test.userTest2@3c7c886c]" started-at="2024-04-30T11:47:50 IST" name="deleteUser" finished-at="2024-04-30T11:47:51 IST" duration-ms="1323" status="PASS">
          <reporter-output>
          </reporter-output>
        </test-method> <!-- deleteUser -->
      </class> <!-- api.test.userTest2 -->
      <class name="api.test.userTest">
        <test-method is-config="true" signature="setupData()[pri:0, instance:api.test.userTest@1608bcbd]" started-at="2024-04-30T11:47:38 IST" name="setupData" finished-at="2024-04-30T11:47:38 IST" duration-ms="349" status="PASS">
          <reporter-output>
          </reporter-output>
        </test-method> <!-- setupData -->
        <test-method signature="createUser()[pri:1, instance:api.test.userTest@1608bcbd]" started-at="2024-04-30T11:47:38 IST" name="createUser" finished-at="2024-04-30T11:47:42 IST" duration-ms="4147" status="PASS">
          <reporter-output>
          </reporter-output>
        </test-method> <!-- createUser -->
        <test-method signature="getUser()[pri:2, instance:api.test.userTest@1608bcbd]" started-at="2024-04-30T11:47:42 IST" name="getUser" finished-at="2024-04-30T11:47:44 IST" duration-ms="1325" status="PASS">
          <reporter-output>
          </reporter-output>
        </test-method> <!-- getUser -->
        <test-method signature="updateUser()[pri:3, instance:api.test.userTest@1608bcbd]" started-at="2024-04-30T11:47:44 IST" name="updateUser" finished-at="2024-04-30T11:47:45 IST" duration-ms="1187" status="PASS">
          <reporter-output>
          </reporter-output>
        </test-method> <!-- updateUser -->
        <test-method signature="deleteUser()[pri:4, instance:api.test.userTest@1608bcbd]" started-at="2024-04-30T11:47:45 IST" name="deleteUser" finished-at="2024-04-30T11:47:46 IST" duration-ms="1327" status="PASS">
          <reporter-output>
          </reporter-output>
        </test-method> <!-- deleteUser -->
      </class> <!-- api.test.userTest -->
    </test> <!-- ApiAutomation -->
  </suite> <!-- APITest -->
</testng-results>
