<?xml version="1.0" encoding="UTF-8"?>
<!-- Generated by org.testng.reporters.JUnitXMLReporter -->
<testsuite ignored="0" hostname="DESKTOP-7P282N0" failures="0" tests="8" name="ApiAutomation" time="13.479" errors="0" timestamp="2024-04-30T11:47:51 IST">
  <testcase classname="api.test.userTest" name="createUser" time="4.147"/>
  <testcase classname="api.test.userTest" name="getUser" time="1.325"/>
  <testcase classname="api.test.userTest" name="updateUser" time="1.187"/>
  <testcase classname="api.test.userTest" name="deleteUser" time="1.327"/>
  <testcase classname="api.test.userTest2" name="createUser" time="1.239"/>
  <testcase classname="api.test.userTest2" name="getUser" time="1.216"/>
  <testcase classname="api.test.userTest2" name="updateUser" time="1.25"/>
  <testcase classname="api.test.userTest2" name="deleteUser" time="1.323"/>
</testsuite> <!-- ApiAutomation -->
