<?xml version="1.0" encoding="UTF-8"?>
<testng-results ignored="0" total="8" passed="8" failed="0" skipped="0">
  <reporter-output>
  </reporter-output>
  <suite started-at="2024-04-29T18:58:06 IST" name="APITest" finished-at="2024-04-29T18:58:19 IST" duration-ms="13025">
    <groups>
    </groups>
    <test started-at="2024-04-29T18:58:06 IST" name="ApiAutomation" finished-at="2024-04-29T18:58:19 IST" duration-ms="13025">
      <class name="api.test.userTest2">
        <test-method is-config="true" signature="setupData()[pri:0, instance:api.test.userTest2@435871cb]" started-at="2024-04-29T18:58:14 IST" name="setupData" finished-at="2024-04-29T18:58:14 IST" duration-ms="78" status="PASS">
          <reporter-output>
          </reporter-output>
        </test-method> <!-- setupData -->
        <test-method signature="createUser()[pri:1, instance:api.test.userTest2@435871cb]" started-at="2024-04-29T18:58:14 IST" name="createUser" finished-at="2024-04-29T18:58:16 IST" duration-ms="1253" status="PASS">
          <reporter-output>
          </reporter-output>
        </test-method> <!-- createUser -->
        <test-method signature="getUser()[pri:2, instance:api.test.userTest2@435871cb]" started-at="2024-04-29T18:58:16 IST" name="getUser" finished-at="2024-04-29T18:58:17 IST" duration-ms="1161" status="PASS">
          <reporter-output>
          </reporter-output>
        </test-method> <!-- getUser -->
        <test-method signature="updateUser()[pri:3, instance:api.test.userTest2@435871cb]" started-at="2024-04-29T18:58:17 IST" name="updateUser" finished-at="2024-04-29T18:58:18 IST" duration-ms="1290" status="PASS">
          <reporter-output>
          </reporter-output>
        </test-method> <!-- updateUser -->
        <test-method signature="deleteUser()[pri:4, instance:api.test.userTest2@435871cb]" started-at="2024-04-29T18:58:18 IST" name="deleteUser" finished-at="2024-04-29T18:58:19 IST" duration-ms="1201" status="PASS">
          <reporter-output>
          </reporter-output>
        </test-method> <!-- deleteUser -->
      </class> <!-- api.test.userTest2 -->
      <class name="api.test.userTest">
        <test-method is-config="true" signature="setupData()[pri:0, instance:api.test.userTest@14c01636]" started-at="2024-04-29T18:58:06 IST" name="setupData" finished-at="2024-04-29T18:58:07 IST" duration-ms="325" status="PASS">
          <reporter-output>
          </reporter-output>
        </test-method> <!-- setupData -->
        <test-method signature="createUser()[pri:1, instance:api.test.userTest@14c01636]" started-at="2024-04-29T18:58:07 IST" name="createUser" finished-at="2024-04-29T18:58:11 IST" duration-ms="3890" status="PASS">
          <reporter-output>
          </reporter-output>
        </test-method> <!-- createUser -->
        <test-method signature="getUser()[pri:2, instance:api.test.userTest@14c01636]" started-at="2024-04-29T18:58:11 IST" name="getUser" finished-at="2024-04-29T18:58:12 IST" duration-ms="1262" status="PASS">
          <reporter-output>
          </reporter-output>
        </test-method> <!-- getUser -->
        <test-method signature="updateUser()[pri:3, instance:api.test.userTest@14c01636]" started-at="2024-04-29T18:58:12 IST" name="updateUser" finished-at="2024-04-29T18:58:13 IST" duration-ms="1291" status="PASS">
          <reporter-output>
          </reporter-output>
        </test-method> <!-- updateUser -->
        <test-method signature="deleteUser()[pri:4, instance:api.test.userTest@14c01636]" started-at="2024-04-29T18:58:13 IST" name="deleteUser" finished-at="2024-04-29T18:58:14 IST" duration-ms="1182" status="PASS">
          <reporter-output>
          </reporter-output>
        </test-method> <!-- deleteUser -->
      </class> <!-- api.test.userTest -->
    </test> <!-- ApiAutomation -->
  </suite> <!-- APITest -->
</testng-results>
