<?xml version="1.0" encoding="UTF-8"?>
<!-- Generated by org.testng.reporters.JUnitXMLReporter -->
<testsuite ignored="0" hostname="DESKTOP-7P282N0" failures="0" tests="8" name="ApiAutomation" time="13.025" errors="0" timestamp="2024-04-29T18:58:19 IST">
  <testcase classname="api.test.userTest" name="createUser" time="3.89"/>
  <testcase classname="api.test.userTest" name="getUser" time="1.262"/>
  <testcase classname="api.test.userTest" name="updateUser" time="1.291"/>
  <testcase classname="api.test.userTest" name="deleteUser" time="1.182"/>
  <testcase classname="api.test.userTest2" name="createUser" time="1.253"/>
  <testcase classname="api.test.userTest2" name="getUser" time="1.161"/>
  <testcase classname="api.test.userTest2" name="updateUser" time="1.29"/>
  <testcase classname="api.test.userTest2" name="deleteUser" time="1.201"/>
</testsuite> <!-- ApiAutomation -->
